<?xml version="1.0" encoding="UTF-8"?>
<testsuites name="Amazon_TestSuite" time="19.612" tests="1" failures="0" errors="0">
   <testsuite name="Amazon_TestSuite" tests="1" failures="0" errors="0" time="19.612" skipped="0" timestamp="07-02-2024T11:22:39" hostname="gangi - HP" id="Test Suites/Amazon_TestSuite/Amazon_TestSuite">
      <properties>
         <property name="deviceName" value=""/>
         <property name="devicePlatform" value=""/>
         <property name="logFolder" value="C:\\Users\\gangi\\git\\SI-GuidedProject-705464-1706682130\\Reports\\20240207_112236\\Amazon_TestSuite\\Amazon_TestSuite\\20240207_112236"/>
         <property name="logFiles" value="C:\\Users\\gangi\\git\\SI-GuidedProject-705464-1706682130\\Reports\\20240207_112236\\Amazon_TestSuite\\Amazon_TestSuite\\20240207_112236\\execution0.log"/>
         <property name="attachments" value=""/>
         <property name="hostName" value="gangi - HP"/>
         <property name="os" value="Windows 11 64bit"/>
         <property name="katalonVersion" value="9.2.0.212"/>
         <property name="browser" value="Chrome 121.0.0.0"/>
         <property name="hostAddress" value="192.168.43.193"/>
         <property name="sessionId" value="5c37b9f131583d24e82be4b5e2619dca"/>
         <property name="seleniumVersion" value="3.141.59"/>
         <property name="proxyInformation" value="ProxyInformation { proxyOption=NO_PROXY, proxyServerType=HTTP, username=, password=********, proxyServerAddress=, proxyServerPort=0, executionList=&quot;&quot;, isApplyToDesiredCapabilities=true }"/>
         <property name="platform" value="Windows 11"/>
      </properties>
      <testcase name="Test Cases/Amazon/TC_login" time="19.401" classname="Test Cases/Amazon/TC_login" status="PASSED">
         <system-out><![CDATA[07-02-2024T11:22:39 - [TEST_CASE][PASSED] - Test Cases/Amazon/TC_login: Test Cases/Amazon/TC_login

07-02-2024T11:22:39 - [TEST_STEP][PASSED] - Start listener action : sampleBeforeTestCase: Navigate to 'https://www.amazon.in/' successfully

07-02-2024T11:22:39 - [TEST_STEP][PASSED] - openBrowser(""): Browser is opened with url: ''

07-02-2024T11:22:40 - [MESSAGE][INFO] - Starting 'Chrome' driver

07-02-2024T11:22:40 - [MESSAGE][INFO] - Action delay is set to 0 milliseconds

07-02-2024T11:22:41 - [MESSAGE][PASSED] - Browser is opened with url: ''

07-02-2024T11:22:41 - [TEST_STEP][PASSED] - navigateToUrl("https://www.amazon.in/"): Navigate to 'https://www.amazon.in/' successfully

07-02-2024T11:22:44 - [MESSAGE][PASSED] - Navigate to 'https://www.amazon.in/' successfully

07-02-2024T11:22:44 - [TEST_STEP][PASSED] - openBrowser(""): Browser is opened with url: ''

07-02-2024T11:22:44 - [MESSAGE][WARNING] - A browser is already opened. Closing browser and opening a new one

07-02-2024T11:22:44 - [MESSAGE][INFO] - Starting 'Chrome' driver

07-02-2024T11:22:44 - [MESSAGE][INFO] - Action delay is set to 0 milliseconds

07-02-2024T11:22:44 - [MESSAGE][PASSED] - Browser is opened with url: ''

07-02-2024T11:22:44 - [TEST_STEP][PASSED] - navigateToUrl("https://www.amazon.in/"): Navigate to 'https://www.amazon.in/' successfully

07-02-2024T11:22:49 - [MESSAGE][PASSED] - Navigate to 'https://www.amazon.in/' successfully

07-02-2024T11:22:49 - [TEST_STEP][PASSED] - click(findTestObject("Object Repository/Amazon_OR/Page_Online Shopping site in India Shop Onl_10c5f3/span_Sign in")): Object: 'Object Repository/Amazon_OR/Page_Online Shopping site in India Shop Onl_10c5f3/span_Sign in' is clicked on

07-02-2024T11:22:54 - [MESSAGE][PASSED] - Object: 'Object Repository/Amazon_OR/Page_Online Shopping site in India Shop Onl_10c5f3/span_Sign in' is clicked on

07-02-2024T11:22:54 - [TEST_STEP][PASSED] - setText(findTestObject("Object Repository/Amazon_OR/Page_Amazon Sign In/input_email"), "gangipoguvamsi@gmail.com"): Text 'gangipoguvamsi@gmail.com' is set on object 'Object Repository/Amazon_OR/Page_Amazon Sign In/input_email'

07-02-2024T11:22:56 - [MESSAGE][PASSED] - Text 'gangipoguvamsi@gmail.com' is set on object 'Object Repository/Amazon_OR/Page_Amazon Sign In/input_email'

07-02-2024T11:22:56 - [TEST_STEP][PASSED] - click(findTestObject("Object Repository/Amazon_OR/Page_Amazon Sign In/inputcontinue")): Object: 'Object Repository/Amazon_OR/Page_Amazon Sign In/inputcontinue' is clicked on

07-02-2024T11:22:56 - [MESSAGE][PASSED] - Object: 'Object Repository/Amazon_OR/Page_Amazon Sign In/inputcontinue' is clicked on

07-02-2024T11:22:56 - [TEST_STEP][PASSED] - verifyCheckpoint(findCheckpoint("Checkpoints/Amazon_Login/Amazon_Login"), false): Checkpoint data and Source data are matched

07-02-2024T11:22:57 - [MESSAGE][PASSED] - Checkpoint data and Source data are matched

07-02-2024T11:22:57 - [TEST_STEP][PASSED] - setEncryptedText(findTestObject("Object Repository/Amazon_OR/Page_Amazon Sign In/input_password"), "x6fQwyN0MjRbK76rsHqwog=="): Text ****** has been set on object 'Object Repository/Amazon_OR/Page_Amazon Sign In/input_password'

07-02-2024T11:22:58 - [MESSAGE][PASSED] - Text ****** has been set on object 'Object Repository/Amazon_OR/Page_Amazon Sign In/input_password'

07-02-2024T11:22:58 - [TEST_STEP][PASSED] - click(findTestObject("Object Repository/Amazon_OR/Page_Amazon Sign In/inputsignInSubmit")): Object: 'Object Repository/Amazon_OR/Page_Amazon Sign In/inputsignInSubmit' is clicked on

07-02-2024T11:22:59 - [MESSAGE][PASSED] - Object: 'Object Repository/Amazon_OR/Page_Amazon Sign In/inputsignInSubmit' is clicked on

07-02-2024T11:22:59 - [TEST_STEP][PASSED] - closeBrowser(): Browser is closed

07-02-2024T11:22:59 - [MESSAGE][PASSED] - Browser is closed

07-02-2024T11:22:59 - [TEST_STEP][PASSED] - Start listener action : sampleAfterTestCase: Browser is closed

07-02-2024T11:22:59 - [TEST_STEP][PASSED] - closeBrowser(): Browser is closed

07-02-2024T11:22:59 - [MESSAGE][PASSED] - Browser is closed]]></system-out>
         <system-err><![CDATA[]]></system-err>
      </testcase>
      <system-out><![CDATA[07-02-2024T11:22:39 - [TEST_SUITE][PASSED] - Amazon_TestSuite: Test Cases/Amazon/TC_login]]></system-out>
      <system-err><![CDATA[]]></system-err>
   </testsuite>
</testsuites>
