<?xml version="1.0" encoding="UTF-8"?>
<testsuites name="Amazon_Login_TestListener" time="22.185" tests="1" failures="0" errors="0">
   <testsuite name="Amazon_Login_TestListener" tests="1" failures="0" errors="0" time="22.185" skipped="0" timestamp="06-02-2024T12:16:48" hostname="gangi - HP" id="Test Suites/Amazon_Login_TestListener">
      <properties>
         <property name="deviceName" value=""/>
         <property name="devicePlatform" value=""/>
         <property name="logFolder" value="C:\\Users\\gangi\\git\\test\\Reports\\20240206_121644\\Amazon_Login_TestListener\\20240206_121644"/>
         <property name="logFiles" value="C:\\Users\\gangi\\git\\test\\Reports\\20240206_121644\\Amazon_Login_TestListener\\20240206_121644\\execution0.log"/>
         <property name="attachments" value=""/>
         <property name="hostName" value="gangi - HP"/>
         <property name="os" value="Windows 11 64bit"/>
         <property name="katalonVersion" value="9.2.0.212"/>
         <property name="browser" value="Chrome 121.0.0.0"/>
         <property name="hostAddress" value="192.168.155.106"/>
         <property name="sessionId" value="28bcb62fdfa0e746b59bc0fa06135497"/>
         <property name="seleniumVersion" value="3.141.59"/>
         <property name="proxyInformation" value="ProxyInformation { proxyOption=NO_PROXY, proxyServerType=HTTP, username=, password=********, proxyServerAddress=, proxyServerPort=0, executionList=&quot;&quot;, isApplyToDesiredCapabilities=true }"/>
         <property name="platform" value="Windows 11"/>
      </properties>
      <testcase name="Test Cases/Amazon/TC_login" time="21.972" classname="Test Cases/Amazon/TC_login" status="PASSED">
         <system-out><![CDATA[06-02-2024T12:16:48 - [TEST_CASE][PASSED] - Test Cases/Amazon/TC_login: Test Cases/Amazon/TC_login

06-02-2024T12:16:48 - [TEST_STEP][PASSED] - Start listener action : sampleBeforeTestCase: Navigate to 'https://www.amazon.in/' successfully

06-02-2024T12:16:48 - [TEST_STEP][PASSED] - openBrowser(""): Browser is opened with url: ''

06-02-2024T12:16:48 - [MESSAGE][INFO] - Starting 'Chrome' driver

06-02-2024T12:16:48 - [MESSAGE][INFO] - Action delay is set to 0 milliseconds

06-02-2024T12:16:50 - [MESSAGE][PASSED] - Browser is opened with url: ''

06-02-2024T12:16:50 - [TEST_STEP][PASSED] - navigateToUrl("https://www.amazon.in/"): Navigate to 'https://www.amazon.in/' successfully

06-02-2024T12:16:53 - [MESSAGE][PASSED] - Navigate to 'https://www.amazon.in/' successfully

06-02-2024T12:16:53 - [TEST_STEP][PASSED] - openBrowser(""): Browser is opened with url: ''

06-02-2024T12:16:53 - [MESSAGE][WARNING] - A browser is already opened. Closing browser and opening a new one

06-02-2024T12:16:53 - [MESSAGE][INFO] - Starting 'Chrome' driver

06-02-2024T12:16:53 - [MESSAGE][INFO] - Action delay is set to 0 milliseconds

06-02-2024T12:16:54 - [MESSAGE][PASSED] - Browser is opened with url: ''

06-02-2024T12:16:54 - [TEST_STEP][PASSED] - navigateToUrl("https://www.amazon.in/"): Navigate to 'https://www.amazon.in/' successfully

06-02-2024T12:16:59 - [MESSAGE][PASSED] - Navigate to 'https://www.amazon.in/' successfully

06-02-2024T12:16:59 - [TEST_STEP][PASSED] - click(findTestObject("Object Repository/Amazon_OR/Page_Online Shopping site in India Shop Onl_10c5f3/span_Sign in")): Object: 'Object Repository/Amazon_OR/Page_Online Shopping site in India Shop Onl_10c5f3/span_Sign in' is clicked on

06-02-2024T12:17:05 - [MESSAGE][PASSED] - Object: 'Object Repository/Amazon_OR/Page_Online Shopping site in India Shop Onl_10c5f3/span_Sign in' is clicked on

06-02-2024T12:17:05 - [TEST_STEP][PASSED] - setText(findTestObject("Object Repository/Amazon_OR/Page_Amazon Sign In/input_email"), "gangipoguvamsi@gmail.com"): Text 'gangipoguvamsi@gmail.com' is set on object 'Object Repository/Amazon_OR/Page_Amazon Sign In/input_email'

06-02-2024T12:17:07 - [MESSAGE][PASSED] - Text 'gangipoguvamsi@gmail.com' is set on object 'Object Repository/Amazon_OR/Page_Amazon Sign In/input_email'

06-02-2024T12:17:07 - [TEST_STEP][PASSED] - click(findTestObject("Object Repository/Amazon_OR/Page_Amazon Sign In/inputcontinue")): Object: 'Object Repository/Amazon_OR/Page_Amazon Sign In/inputcontinue' is clicked on

06-02-2024T12:17:09 - [MESSAGE][PASSED] - Object: 'Object Repository/Amazon_OR/Page_Amazon Sign In/inputcontinue' is clicked on

06-02-2024T12:17:09 - [TEST_STEP][PASSED] - setEncryptedText(findTestObject("Object Repository/Amazon_OR/Page_Amazon Sign In/input_password"), "x6fQwyN0MjRbK76rsHqwog=="): Text ****** has been set on object 'Object Repository/Amazon_OR/Page_Amazon Sign In/input_password'

06-02-2024T12:17:09 - [MESSAGE][PASSED] - Text ****** has been set on object 'Object Repository/Amazon_OR/Page_Amazon Sign In/input_password'

06-02-2024T12:17:09 - [TEST_STEP][PASSED] - click(findTestObject("Object Repository/Amazon_OR/Page_Amazon Sign In/inputsignInSubmit")): Object: 'Object Repository/Amazon_OR/Page_Amazon Sign In/inputsignInSubmit' is clicked on

06-02-2024T12:17:10 - [MESSAGE][PASSED] - Object: 'Object Repository/Amazon_OR/Page_Amazon Sign In/inputsignInSubmit' is clicked on

06-02-2024T12:17:10 - [TEST_STEP][PASSED] - closeBrowser(): Browser is closed

06-02-2024T12:17:10 - [MESSAGE][PASSED] - Browser is closed

06-02-2024T12:17:10 - [TEST_STEP][PASSED] - Start listener action : sampleAfterTestCase: Browser is closed

06-02-2024T12:17:10 - [TEST_STEP][PASSED] - closeBrowser(): Browser is closed

06-02-2024T12:17:10 - [MESSAGE][PASSED] - Browser is closed]]></system-out>
         <system-err><![CDATA[]]></system-err>
      </testcase>
      <system-out><![CDATA[06-02-2024T12:16:48 - [TEST_SUITE][PASSED] - Amazon_Login_TestListener: Test Cases/Amazon/TC_login]]></system-out>
      <system-err><![CDATA[]]></system-err>
   </testsuite>
</testsuites>
