<?xml version="1.0" encoding="UTF-8"?>
<testsuites name="Amazon_Login_Excel" time="22.408" tests="2" failures="0" errors="1">
   <testsuite name="Amazon_Login_Excel" tests="2" failures="0" errors="1" time="22.408" skipped="0" timestamp="06-02-2024T11:25:47" hostname="gangi - HP" id="Test Suites/Amazon_Login_Excel">
      <properties>
         <property name="deviceName" value=""/>
         <property name="devicePlatform" value=""/>
         <property name="logFolder" value="C:\\Users\\gangi\\git\\test\\Reports\\20240206_112542\\Amazon_Login_Excel\\20240206_112543"/>
         <property name="logFiles" value="C:\\Users\\gangi\\git\\test\\Reports\\20240206_112542\\Amazon_Login_Excel\\20240206_112543\\execution0.log"/>
         <property name="attachments" value=""/>
         <property name="hostName" value="gangi - HP"/>
         <property name="os" value="Windows 11 64bit"/>
         <property name="katalonVersion" value="9.2.0.212"/>
         <property name="browser" value="Chrome 121.0.0.0"/>
         <property name="hostAddress" value="192.168.155.106"/>
         <property name="sessionId" value="7730664f29f2681c9c3384b98e9b0fcb"/>
         <property name="seleniumVersion" value="3.141.59"/>
         <property name="proxyInformation" value="ProxyInformation { proxyOption=NO_PROXY, proxyServerType=HTTP, username=, password=********, proxyServerAddress=, proxyServerPort=0, executionList=&quot;&quot;, isApplyToDesiredCapabilities=true }"/>
         <property name="platform" value="Windows 11"/>
      </properties>
      <testcase name="Test Cases/Amazon/TC_login" time="22.178" classname="Test Cases/Amazon/TC_login" status="PASSED">
         <system-out><![CDATA[06-02-2024T11:25:47 - [TEST_CASE][PASSED] - Test Cases/Amazon/TC_login: Test Cases/Amazon/TC_login

06-02-2024T11:25:47 - [TEST_STEP][PASSED] - openBrowser(""): Browser is opened with url: ''

06-02-2024T11:25:48 - [MESSAGE][INFO] - Starting 'Chrome' driver

06-02-2024T11:25:48 - [MESSAGE][INFO] - Action delay is set to 0 milliseconds

06-02-2024T11:25:49 - [MESSAGE][PASSED] - Browser is opened with url: ''

06-02-2024T11:25:49 - [TEST_STEP][PASSED] - navigateToUrl("https://www.amazon.in/"): Navigate to 'https://www.amazon.in/' successfully

06-02-2024T11:25:54 - [MESSAGE][PASSED] - Navigate to 'https://www.amazon.in/' successfully

06-02-2024T11:25:54 - [TEST_STEP][PASSED] - click(findTestObject("Object Repository/Amazon_OR/Page_Online Shopping site in India Shop Onl_10c5f3/span_Sign in")): Object: 'Object Repository/Amazon_OR/Page_Online Shopping site in India Shop Onl_10c5f3/span_Sign in' is clicked on

06-02-2024T11:25:58 - [MESSAGE][PASSED] - Object: 'Object Repository/Amazon_OR/Page_Online Shopping site in India Shop Onl_10c5f3/span_Sign in' is clicked on

06-02-2024T11:25:58 - [TEST_STEP][PASSED] - setText(findTestObject("Object Repository/Amazon_OR/Page_Amazon Sign In/input_email"), "gangipoguvamsi@gmail.com"): Text 'gangipoguvamsi@gmail.com' is set on object 'Object Repository/Amazon_OR/Page_Amazon Sign In/input_email'

06-02-2024T11:26:02 - [MESSAGE][PASSED] - Text 'gangipoguvamsi@gmail.com' is set on object 'Object Repository/Amazon_OR/Page_Amazon Sign In/input_email'

06-02-2024T11:26:02 - [TEST_STEP][PASSED] - click(findTestObject("Object Repository/Amazon_OR/Page_Amazon Sign In/inputcontinue")): Object: 'Object Repository/Amazon_OR/Page_Amazon Sign In/inputcontinue' is clicked on

06-02-2024T11:26:03 - [MESSAGE][PASSED] - Object: 'Object Repository/Amazon_OR/Page_Amazon Sign In/inputcontinue' is clicked on

06-02-2024T11:26:03 - [TEST_STEP][PASSED] - setEncryptedText(findTestObject("Object Repository/Amazon_OR/Page_Amazon Sign In/input_password"), "x6fQwyN0MjRbK76rsHqwog=="): Text ****** has been set on object 'Object Repository/Amazon_OR/Page_Amazon Sign In/input_password'

06-02-2024T11:26:09 - [MESSAGE][PASSED] - Text ****** has been set on object 'Object Repository/Amazon_OR/Page_Amazon Sign In/input_password'

06-02-2024T11:26:09 - [TEST_STEP][PASSED] - click(findTestObject("Object Repository/Amazon_OR/Page_Amazon Sign In/inputsignInSubmit")): Object: 'Object Repository/Amazon_OR/Page_Amazon Sign In/inputsignInSubmit' is clicked on

06-02-2024T11:26:09 - [MESSAGE][PASSED] - Object: 'Object Repository/Amazon_OR/Page_Amazon Sign In/inputsignInSubmit' is clicked on

06-02-2024T11:26:09 - [TEST_STEP][PASSED] - closeBrowser(): Browser is closed

06-02-2024T11:26:09 - [MESSAGE][PASSED] - Browser is closed]]></system-out>
         <system-err><![CDATA[]]></system-err>
      </testcase>
      <testcase name="Test Cases/Amazon/Test_login" time="0.003" classname="Test Cases/Amazon/Test_login" status="ERROR">
         <error type="ERROR" message="Test Cases/Amazon/Test_login has ERROR(s).&#xa;Reason:&#xa;java.io.FileNotFoundException: File '' does not exist"/>
         <system-out><![CDATA[06-02-2024T11:26:09 - [TEST_CASE][ERROR] - Test Cases/Amazon/Test_login: Test Cases/Amazon/Test_login has ERROR(s).
Reason:
java.io.FileNotFoundException: File '' does not exist]]></system-out>
         <system-err><![CDATA[06-02-2024T11:26:09 - [TEST_CASE][ERROR] - Test Cases/Amazon/Test_login: Test Cases/Amazon/Test_login has ERROR(s).
Reason:
java.io.FileNotFoundException: File '' does not exist]]></system-err>
      </testcase>
      <system-out><![CDATA[06-02-2024T11:25:47 - [TEST_SUITE][ERROR] - Amazon_Login_Excel: Test Cases/Amazon/Test_login has ERROR(s).
Reason:
java.io.FileNotFoundException: File '' does not exist]]></system-out>
      <system-err><![CDATA[06-02-2024T11:25:47 - [TEST_SUITE][ERROR] - Amazon_Login_Excel: Test Cases/Amazon/Test_login has ERROR(s).
Reason:
java.io.FileNotFoundException: File '' does not exist]]></system-err>
   </testsuite>
</testsuites>
