<?xml version="1.0" encoding="UTF-8"?>
<testsuites name="Amazon_TestSuite" time="17.129" tests="1" failures="0" errors="0">
   <testsuite name="Amazon_TestSuite" tests="1" failures="0" errors="0" time="17.129" skipped="0" timestamp="06-02-2024T10:25:43" hostname="gangi - HP" id="Test Suites/Amazon_TestSuite/Amazon_TestSuite">
      <properties>
         <property name="deviceName" value=""/>
         <property name="devicePlatform" value=""/>
         <property name="logFolder" value="C:\\Users\\gangi\\git\\test\\Reports\\20240206_102533\\Amazon_TestSuite\\Amazon_TestSuite\\20240206_102533"/>
         <property name="logFiles" value="C:\\Users\\gangi\\git\\test\\Reports\\20240206_102533\\Amazon_TestSuite\\Amazon_TestSuite\\20240206_102533\\execution0.log"/>
         <property name="attachments" value=""/>
         <property name="hostName" value="gangi - HP"/>
         <property name="os" value="Windows 11 64bit"/>
         <property name="katalonVersion" value="9.2.0.212"/>
         <property name="browser" value="Chrome 121.0.0.0"/>
         <property name="hostAddress" value="192.168.155.106"/>
         <property name="sessionId" value="8c603ee8b60fa54435cb9a99462fefff"/>
         <property name="seleniumVersion" value="3.141.59"/>
         <property name="proxyInformation" value="ProxyInformation { proxyOption=NO_PROXY, proxyServerType=HTTP, username=, password=********, proxyServerAddress=, proxyServerPort=0, executionList=&quot;&quot;, isApplyToDesiredCapabilities=true }"/>
         <property name="platform" value="Windows 11"/>
      </properties>
      <testcase name="Test Cases/Amazon/TC_login" time="16.963" classname="Test Cases/Amazon/TC_login" status="PASSED">
         <system-out><![CDATA[06-02-2024T10:25:43 - [TEST_CASE][PASSED] - Test Cases/Amazon/TC_login: Test Cases/Amazon/TC_login

06-02-2024T10:25:43 - [TEST_STEP][PASSED] - openBrowser(""): Browser is opened with url: ''

06-02-2024T10:25:43 - [MESSAGE][INFO] - Starting 'Chrome' driver

06-02-2024T10:25:43 - [MESSAGE][INFO] - Action delay is set to 0 milliseconds

06-02-2024T10:25:45 - [MESSAGE][PASSED] - Browser is opened with url: ''

06-02-2024T10:25:45 - [TEST_STEP][PASSED] - navigateToUrl("https://www.amazon.in/"): Navigate to 'https://www.amazon.in/' successfully

06-02-2024T10:25:48 - [MESSAGE][PASSED] - Navigate to 'https://www.amazon.in/' successfully

06-02-2024T10:25:48 - [TEST_STEP][PASSED] - click(findTestObject("Object Repository/Amazon_OR/Page_Online Shopping site in India Shop Onl_10c5f3/span_Sign in")): Object: 'Object Repository/Amazon_OR/Page_Online Shopping site in India Shop Onl_10c5f3/span_Sign in' is clicked on

06-02-2024T10:25:53 - [MESSAGE][PASSED] - Object: 'Object Repository/Amazon_OR/Page_Online Shopping site in India Shop Onl_10c5f3/span_Sign in' is clicked on

06-02-2024T10:25:53 - [TEST_STEP][PASSED] - setText(findTestObject("Object Repository/Amazon_OR/Page_Amazon Sign In/input_email"), "gangipoguvamsi@gmail.com"): Text 'gangipoguvamsi@gmail.com' is set on object 'Object Repository/Amazon_OR/Page_Amazon Sign In/input_email'

06-02-2024T10:25:54 - [MESSAGE][PASSED] - Text 'gangipoguvamsi@gmail.com' is set on object 'Object Repository/Amazon_OR/Page_Amazon Sign In/input_email'

06-02-2024T10:25:54 - [TEST_STEP][PASSED] - click(findTestObject("Object Repository/Amazon_OR/Page_Amazon Sign In/inputcontinue")): Object: 'Object Repository/Amazon_OR/Page_Amazon Sign In/inputcontinue' is clicked on

06-02-2024T10:25:56 - [MESSAGE][PASSED] - Object: 'Object Repository/Amazon_OR/Page_Amazon Sign In/inputcontinue' is clicked on

06-02-2024T10:25:56 - [TEST_STEP][PASSED] - setEncryptedText(findTestObject("Object Repository/Amazon_OR/Page_Amazon Sign In/input_password"), "x6fQwyN0MjRbK76rsHqwog=="): Text ****** has been set on object 'Object Repository/Amazon_OR/Page_Amazon Sign In/input_password'

06-02-2024T10:25:59 - [MESSAGE][PASSED] - Text ****** has been set on object 'Object Repository/Amazon_OR/Page_Amazon Sign In/input_password'

06-02-2024T10:25:59 - [TEST_STEP][PASSED] - click(findTestObject("Object Repository/Amazon_OR/Page_Amazon Sign In/inputsignInSubmit")): Object: 'Object Repository/Amazon_OR/Page_Amazon Sign In/inputsignInSubmit' is clicked on

06-02-2024T10:26:00 - [MESSAGE][PASSED] - Object: 'Object Repository/Amazon_OR/Page_Amazon Sign In/inputsignInSubmit' is clicked on

06-02-2024T10:26:00 - [TEST_STEP][PASSED] - closeBrowser(): Browser is closed

06-02-2024T10:26:00 - [MESSAGE][PASSED] - Browser is closed]]></system-out>
         <system-err><![CDATA[]]></system-err>
      </testcase>
      <system-out><![CDATA[06-02-2024T10:25:43 - [TEST_SUITE][PASSED] - Amazon_TestSuite: Test Cases/Amazon/TC_login]]></system-out>
      <system-err><![CDATA[]]></system-err>
   </testsuite>
</testsuites>
